2019-06-23 11:31:04.547  INFO 91430 --- [main] com.imooc.passbook.MerchantsApplication  : Starting MerchantsApplication on qushendeMacBook-Pro.local with PID 91430 (/Users/monpro/Desktop/git_warehouse/distributedCouponMerchants/merchants/target/classes started by monpro in /Users/monpro/Desktop/git_warehouse/distributedCouponMerchants/merchants)
2019-06-23 11:31:04.549  INFO 91430 --- [main] com.imooc.passbook.MerchantsApplication  : No active profile set, falling back to default profiles: default
2019-06-23 11:31:04.580  INFO 91430 --- [main] ationConfigEmbeddedWebApplicationContext : Refreshing org.springframework.boot.context.embedded.AnnotationConfigEmbeddedWebApplicationContext@48e4374: startup date [Sun Jun 23 11:31:04 AEST 2019]; root of context hierarchy
2019-06-23 11:31:05.332  INFO 91430 --- [main] trationDelegate$BeanPostProcessorChecker : Bean 'org.springframework.kafka.annotation.KafkaBootstrapConfiguration' of type [org.springframework.kafka.annotation.KafkaBootstrapConfiguration$$EnhancerBySpringCGLIB$$41400744] is not eligible for getting processed by all BeanPostProcessors (for example: not eligible for auto-proxying)
2019-06-23 11:31:05.527  INFO 91430 --- [main] s.b.c.e.t.TomcatEmbeddedServletContainer : Tomcat initialized with port(s): 9527 (http)
2019-06-23 11:31:05.534  INFO 91430 --- [main] o.apache.catalina.core.StandardService   : Starting service Tomcat
2019-06-23 11:31:05.535  INFO 91430 --- [main] org.apache.catalina.core.StandardEngine  : Starting Servlet Engine: Apache Tomcat/8.5.14
2019-06-23 11:31:05.593  INFO 91430 --- [localhost-startStop-1] o.a.c.c.C.[Tomcat].[localhost].[/]       : Initializing Spring embedded WebApplicationContext
2019-06-23 11:31:05.594  INFO 91430 --- [localhost-startStop-1] o.s.web.context.ContextLoader            : Root WebApplicationContext: initialization completed in 1016 ms
2019-06-23 11:31:05.697  INFO 91430 --- [localhost-startStop-1] o.s.b.w.servlet.ServletRegistrationBean  : Mapping servlet: 'dispatcherServlet' to [/]
2019-06-23 11:31:05.700  INFO 91430 --- [localhost-startStop-1] o.s.b.w.servlet.FilterRegistrationBean   : Mapping filter: 'characterEncodingFilter' to: [/*]
2019-06-23 11:31:05.700  INFO 91430 --- [localhost-startStop-1] o.s.b.w.servlet.FilterRegistrationBean   : Mapping filter: 'hiddenHttpMethodFilter' to: [/*]
2019-06-23 11:31:05.700  INFO 91430 --- [localhost-startStop-1] o.s.b.w.servlet.FilterRegistrationBean   : Mapping filter: 'httpPutFormContentFilter' to: [/*]
2019-06-23 11:31:05.700  INFO 91430 --- [localhost-startStop-1] o.s.b.w.servlet.FilterRegistrationBean   : Mapping filter: 'requestContextFilter' to: [/*]
2019-06-23 11:34:39.433  INFO 92204 --- [main] com.imooc.passbook.MerchantsApplication  : Starting MerchantsApplication on qushendeMacBook-Pro.local with PID 92204 (/Users/monpro/Desktop/git_warehouse/distributedCouponMerchants/merchants/target/classes started by monpro in /Users/monpro/Desktop/git_warehouse/distributedCouponMerchants/merchants)
2019-06-23 11:34:39.435  INFO 92204 --- [main] com.imooc.passbook.MerchantsApplication  : No active profile set, falling back to default profiles: default
2019-06-23 11:34:39.465  INFO 92204 --- [main] ationConfigEmbeddedWebApplicationContext : Refreshing org.springframework.boot.context.embedded.AnnotationConfigEmbeddedWebApplicationContext@48e4374: startup date [Sun Jun 23 11:34:39 AEST 2019]; root of context hierarchy
2019-06-23 11:34:40.174  INFO 92204 --- [main] trationDelegate$BeanPostProcessorChecker : Bean 'org.springframework.kafka.annotation.KafkaBootstrapConfiguration' of type [org.springframework.kafka.annotation.KafkaBootstrapConfiguration$$EnhancerBySpringCGLIB$$617eb73c] is not eligible for getting processed by all BeanPostProcessors (for example: not eligible for auto-proxying)
2019-06-23 11:34:40.377  INFO 92204 --- [main] s.b.c.e.t.TomcatEmbeddedServletContainer : Tomcat initialized with port(s): 9527 (http)
2019-06-23 11:34:40.386  INFO 92204 --- [main] o.apache.catalina.core.StandardService   : Starting service Tomcat
2019-06-23 11:34:40.387  INFO 92204 --- [main] org.apache.catalina.core.StandardEngine  : Starting Servlet Engine: Apache Tomcat/8.5.14
2019-06-23 11:34:40.442  INFO 92204 --- [localhost-startStop-1] o.a.c.c.C.[Tomcat].[localhost].[/]       : Initializing Spring embedded WebApplicationContext
2019-06-23 11:34:40.442  INFO 92204 --- [localhost-startStop-1] o.s.web.context.ContextLoader            : Root WebApplicationContext: initialization completed in 979 ms
2019-06-23 11:34:40.537  INFO 92204 --- [localhost-startStop-1] o.s.b.w.servlet.ServletRegistrationBean  : Mapping servlet: 'dispatcherServlet' to [/]
2019-06-23 11:34:40.540  INFO 92204 --- [localhost-startStop-1] o.s.b.w.servlet.FilterRegistrationBean   : Mapping filter: 'characterEncodingFilter' to: [/*]
2019-06-23 11:34:40.540  INFO 92204 --- [localhost-startStop-1] o.s.b.w.servlet.FilterRegistrationBean   : Mapping filter: 'hiddenHttpMethodFilter' to: [/*]
2019-06-23 11:34:40.540  INFO 92204 --- [localhost-startStop-1] o.s.b.w.servlet.FilterRegistrationBean   : Mapping filter: 'httpPutFormContentFilter' to: [/*]
2019-06-23 11:34:40.540  INFO 92204 --- [localhost-startStop-1] o.s.b.w.servlet.FilterRegistrationBean   : Mapping filter: 'requestContextFilter' to: [/*]
